INFO [2022-11-09 11:26:17] $x
INFO [2022-11-09 11:26:17] list(C_strains2, R_strains2, V_strains2)
INFO [2022-11-09 11:26:17] 
INFO [2022-11-09 11:26:17] $category.names
INFO [2022-11-09 11:26:17] c("Endocervix", "Rectum ", "Vagina")
INFO [2022-11-09 11:26:17] 
INFO [2022-11-09 11:26:17] $filename
INFO [2022-11-09 11:26:17] [1] "VennFig2.png"
INFO [2022-11-09 11:26:17] 
INFO [2022-11-09 11:26:17] $output
INFO [2022-11-09 11:26:17] [1] TRUE
INFO [2022-11-09 11:26:17] 
INFO [2022-11-09 11:26:17] $imagetype
INFO [2022-11-09 11:26:17] [1] "png"
INFO [2022-11-09 11:26:17] 
INFO [2022-11-09 11:26:17] $height
INFO [2022-11-09 11:26:17] [1] 480
INFO [2022-11-09 11:26:17] 
INFO [2022-11-09 11:26:17] $width
INFO [2022-11-09 11:26:17] [1] 480
INFO [2022-11-09 11:26:17] 
INFO [2022-11-09 11:26:17] $resolution
INFO [2022-11-09 11:26:17] [1] 300
INFO [2022-11-09 11:26:17] 
INFO [2022-11-09 11:26:17] $compression
INFO [2022-11-09 11:26:17] [1] "lzw"
INFO [2022-11-09 11:26:17] 
INFO [2022-11-09 11:26:17] $lwd
INFO [2022-11-09 11:26:17] [1] 2
INFO [2022-11-09 11:26:17] 
INFO [2022-11-09 11:26:17] $lty
INFO [2022-11-09 11:26:17] [1] "blank"
INFO [2022-11-09 11:26:17] 
INFO [2022-11-09 11:26:17] $fill
INFO [2022-11-09 11:26:17] myCol
INFO [2022-11-09 11:26:17] 
INFO [2022-11-09 11:26:17] $cex
INFO [2022-11-09 11:26:17] [1] 0.4
INFO [2022-11-09 11:26:17] 
INFO [2022-11-09 11:26:17] $fontface
INFO [2022-11-09 11:26:17] [1] "bold"
INFO [2022-11-09 11:26:17] 
INFO [2022-11-09 11:26:17] $fontfamily
INFO [2022-11-09 11:26:17] [1] "sans"
INFO [2022-11-09 11:26:17] 
INFO [2022-11-09 11:26:17] $cat.cex
INFO [2022-11-09 11:26:17] [1] 0.4
INFO [2022-11-09 11:26:17] 
INFO [2022-11-09 11:26:17] $cat.fontface
INFO [2022-11-09 11:26:17] [1] "bold"
INFO [2022-11-09 11:26:17] 
INFO [2022-11-09 11:26:17] $cat.default.pos
INFO [2022-11-09 11:26:17] [1] "textr"
INFO [2022-11-09 11:26:17] 
INFO [2022-11-09 11:26:17] $cat.pos
INFO [2022-11-09 11:26:17] c(-27, 27, 135)
INFO [2022-11-09 11:26:17] 
INFO [2022-11-09 11:26:17] $cat.dist
INFO [2022-11-09 11:26:17] c(0.055, 0.055, 0.085)
INFO [2022-11-09 11:26:17] 
INFO [2022-11-09 11:26:17] $cat.fontfamily
INFO [2022-11-09 11:26:17] [1] "sans"
INFO [2022-11-09 11:26:17] 
INFO [2022-11-09 11:26:17] $rotation
INFO [2022-11-09 11:26:17] [1] 1
INFO [2022-11-09 11:26:17] 
ERROR [2022-11-09 11:26:17] Invalid cat.default.pos setting
